2-s2.0-84972515133,❌ No se pudo conectar con la API tras múltiples intentos. URL: https://api.elsevier.com/content/abstract/eid/2-s2.0-84972515133?view=FULL
2-s2.0-84972514728,❌ No se pudo conectar con la API tras múltiples intentos. URL: https://api.elsevier.com/content/abstract/eid/2-s2.0-84972514728?view=FULL
2-s2.0-84972514674,❌ No se pudo conectar con la API tras múltiples intentos. URL: https://api.elsevier.com/content/abstract/eid/2-s2.0-84972514674?view=FULL
2-s2.0-84972514662,❌ No se pudo conectar con la API tras múltiples intentos. URL: https://api.elsevier.com/content/abstract/eid/2-s2.0-84972514662?view=FULL
2-s2.0-84972514654,❌ No se pudo conectar con la API tras múltiples intentos. URL: https://api.elsevier.com/content/abstract/eid/2-s2.0-84972514654?view=FULL
2-s2.0-84972514653,❌ No se pudo conectar con la API tras múltiples intentos. URL: https://api.elsevier.com/content/abstract/eid/2-s2.0-84972514653?view=FULL
2-s2.0-84972514608,❌ No se pudo conectar con la API tras múltiples intentos. URL: https://api.elsevier.com/content/abstract/eid/2-s2.0-84972514608?view=FULL
2-s2.0-84972515133,❌ No se pudo conectar con la API tras múltiples intentos. URL: https://api.elsevier.com/content/abstract/eid/2-s2.0-84972515133?view=FULL
2-s2.0-77957180838,name 'timezone' is not defined
2-s2.0-77957180646,name 'timezone' is not defined
2-s2.0-77957180567,name 'timezone' is not defined
2-s2.0-77957180565,name 'timezone' is not defined
2-s2.0-77957180253,name 'timezone' is not defined
2-s2.0-77957178936,name 'timezone' is not defined
2-s2.0-77957178772,name 'timezone' is not defined
2-s2.0-77957178362,name 'timezone' is not defined
2-s2.0-77957178113,name 'timezone' is not defined
2-s2.0-77957178004,name 'timezone' is not defined
2-s2.0-77957177343,name 'timezone' is not defined
2-s2.0-77957176548,name 'timezone' is not defined
2-s2.0-77957174648,name 'timezone' is not defined
2-s2.0-77957174412,name 'timezone' is not defined
2-s2.0-77957002973,name 'timezone' is not defined
2-s2.0-77956968992,name 'timezone' is not defined
2-s2.0-77956964607,name 'timezone' is not defined
2-s2.0-77956964444,name 'timezone' is not defined
2-s2.0-77956963717,name 'timezone' is not defined
2-s2.0-77956958421,name 'timezone' is not defined
2-s2.0-77956949188,name 'timezone' is not defined
2-s2.0-77956947895,name 'timezone' is not defined
2-s2.0-77956867427,name 'timezone' is not defined
2-s2.0-77956866051,name 'timezone' is not defined
2-s2.0-77956863407,name 'timezone' is not defined
2-s2.0-77956841260,name 'timezone' is not defined
2-s2.0-77956833765,name 'timezone' is not defined
2-s2.0-77956939360,❌ No se pudo conectar con la API tras múltiples intentos. URL: https://api.elsevier.com/content/abstract/eid/2-s2.0-77956939360?view=FULL
2-s2.0-77956925733,❌ No se pudo conectar con la API tras múltiples intentos. URL: https://api.elsevier.com/content/abstract/eid/2-s2.0-77956925733?view=FULL
2-s2.0-77957314488,❌ No se pudo conectar con la API tras múltiples intentos. URL: https://api.elsevier.com/content/abstract/eid/2-s2.0-77957314488?view=FULL
2-s2.0-77957299042,❌ No se pudo conectar con la API tras múltiples intentos. URL: https://api.elsevier.com/content/abstract/eid/2-s2.0-77957299042?view=FULL
2-s2.0-77957292178,❌ No se pudo conectar con la API tras múltiples intentos. URL: https://api.elsevier.com/content/abstract/eid/2-s2.0-77957292178?view=FULL
2-s2.0-77956934847,❌ No se pudo conectar con la API tras múltiples intentos. URL: https://api.elsevier.com/content/abstract/eid/2-s2.0-77956934847?view=FULL
2-s2.0-77956939360,❌ No se pudo conectar con la API tras múltiples intentos. URL: https://api.elsevier.com/content/abstract/eid/2-s2.0-77956939360?view=FULL
2-s2.0-77956925733,❌ No se pudo conectar con la API tras múltiples intentos. URL: https://api.elsevier.com/content/abstract/eid/2-s2.0-77956925733?view=FULL
2-s2.0-77957314488,❌ No se pudo conectar con la API tras múltiples intentos. URL: https://api.elsevier.com/content/abstract/eid/2-s2.0-77957314488?view=FULL
2-s2.0-77957299042,❌ No se pudo conectar con la API tras múltiples intentos. URL: https://api.elsevier.com/content/abstract/eid/2-s2.0-77957299042?view=FULL
2-s2.0-77957292178,❌ No se pudo conectar con la API tras múltiples intentos. URL: https://api.elsevier.com/content/abstract/eid/2-s2.0-77957292178?view=FULL
2-s2.0-77956934847,❌ No se pudo conectar con la API tras múltiples intentos. URL: https://api.elsevier.com/content/abstract/eid/2-s2.0-77956934847?view=FULL
2-s2.0-77956904569,❌ No se pudo conectar con la API tras múltiples intentos. URL: https://api.elsevier.com/content/abstract/eid/2-s2.0-77956904569?view=FULL
2-s2.0-84927837223,❌ No se pudo conectar con la API tras múltiples intentos. URL: https://api.elsevier.com/content/abstract/eid/2-s2.0-84927837223?view=FULL
2-s2.0-84956271495,❌ No se pudo conectar con la API tras múltiples intentos. URL: https://api.elsevier.com/content/abstract/eid/2-s2.0-84956271495?view=FULL
2-s2.0-84956243684,❌ No se pudo conectar con la API tras múltiples intentos. URL: https://api.elsevier.com/content/abstract/eid/2-s2.0-84956243684?view=FULL
2-s2.0-77956904569,❌ No se pudo conectar con la API tras múltiples intentos. URL: https://api.elsevier.com/content/abstract/eid/2-s2.0-77956904569?view=FULL
2-s2.0-84927837223,❌ No se pudo conectar con la API tras múltiples intentos. URL: https://api.elsevier.com/content/abstract/eid/2-s2.0-84927837223?view=FULL
2-s2.0-84956271495,❌ No se pudo conectar con la API tras múltiples intentos. URL: https://api.elsevier.com/content/abstract/eid/2-s2.0-84956271495?view=FULL
2-s2.0-84956243684,❌ No se pudo conectar con la API tras múltiples intentos. URL: https://api.elsevier.com/content/abstract/eid/2-s2.0-84956243684?view=FULL
2-s2.0-85193456614,❌ No se pudo conectar con la API tras múltiples intentos. URL: https://api.elsevier.com/content/abstract/eid/2-s2.0-85193456614?view=FULL
2-s2.0-85193418246,❌ No se pudo conectar con la API tras múltiples intentos. URL: https://api.elsevier.com/content/abstract/eid/2-s2.0-85193418246?view=FULL
2-s2.0-85193414611,❌ No se pudo conectar con la API tras múltiples intentos. URL: https://api.elsevier.com/content/abstract/eid/2-s2.0-85193414611?view=FULL
2-s2.0-85193404521,❌ No se pudo conectar con la API tras múltiples intentos. URL: https://api.elsevier.com/content/abstract/eid/2-s2.0-85193404521?view=FULL
2-s2.0-85193385725,❌ No se pudo conectar con la API tras múltiples intentos. URL: https://api.elsevier.com/content/abstract/eid/2-s2.0-85193385725?view=FULL
2-s2.0-85193370832,❌ No se pudo conectar con la API tras múltiples intentos. URL: https://api.elsevier.com/content/abstract/eid/2-s2.0-85193370832?view=FULL
2-s2.0-85193354806,❌ No se pudo conectar con la API tras múltiples intentos. URL: https://api.elsevier.com/content/abstract/eid/2-s2.0-85193354806?view=FULL
2-s2.0-85193350013,❌ No se pudo conectar con la API tras múltiples intentos. URL: https://api.elsevier.com/content/abstract/eid/2-s2.0-85193350013?view=FULL
2-s2.0-85193344852,❌ No se pudo conectar con la API tras múltiples intentos. URL: https://api.elsevier.com/content/abstract/eid/2-s2.0-85193344852?view=FULL
2-s2.0-85193334263,❌ No se pudo conectar con la API tras múltiples intentos. URL: https://api.elsevier.com/content/abstract/eid/2-s2.0-85193334263?view=FULL
2-s2.0-85193333484,❌ No se pudo conectar con la API tras múltiples intentos. URL: https://api.elsevier.com/content/abstract/eid/2-s2.0-85193333484?view=FULL
2-s2.0-85193321575,❌ No se pudo conectar con la API tras múltiples intentos. URL: https://api.elsevier.com/content/abstract/eid/2-s2.0-85193321575?view=FULL
2-s2.0-85193313820,❌ No se pudo conectar con la API tras múltiples intentos. URL: https://api.elsevier.com/content/abstract/eid/2-s2.0-85193313820?view=FULL
2-s2.0-84956136755,❌ No se pudo conectar con la API tras múltiples intentos. URL: https://api.elsevier.com/content/abstract/eid/2-s2.0-84956136755?view=FULL
2-s2.0-85193459254,❌ No se pudo conectar con la API tras múltiples intentos. URL: https://api.elsevier.com/content/abstract/eid/2-s2.0-85193459254?view=FULL
2-s2.0-85193458439,❌ No se pudo conectar con la API tras múltiples intentos. URL: https://api.elsevier.com/content/abstract/eid/2-s2.0-85193458439?view=FULL
2-s2.0-85193419209,❌ No se pudo conectar con la API tras múltiples intentos. URL: https://api.elsevier.com/content/abstract/eid/2-s2.0-85193419209?view=FULL
2-s2.0-85193414580,❌ No se pudo conectar con la API tras múltiples intentos. URL: https://api.elsevier.com/content/abstract/eid/2-s2.0-85193414580?view=FULL
2-s2.0-85193409394,❌ No se pudo conectar con la API tras múltiples intentos. URL: https://api.elsevier.com/content/abstract/eid/2-s2.0-85193409394?view=FULL
2-s2.0-85193408847,❌ No se pudo conectar con la API tras múltiples intentos. URL: https://api.elsevier.com/content/abstract/eid/2-s2.0-85193408847?view=FULL
2-s2.0-85193401631,❌ No se pudo conectar con la API tras múltiples intentos. URL: https://api.elsevier.com/content/abstract/eid/2-s2.0-85193401631?view=FULL
2-s2.0-85193401473,❌ No se pudo conectar con la API tras múltiples intentos. URL: https://api.elsevier.com/content/abstract/eid/2-s2.0-85193401473?view=FULL
2-s2.0-85193399288,❌ No se pudo conectar con la API tras múltiples intentos. URL: https://api.elsevier.com/content/abstract/eid/2-s2.0-85193399288?view=FULL
2-s2.0-85193397123,❌ No se pudo conectar con la API tras múltiples intentos. URL: https://api.elsevier.com/content/abstract/eid/2-s2.0-85193397123?view=FULL
2-s2.0-85193396294,❌ No se pudo conectar con la API tras múltiples intentos. URL: https://api.elsevier.com/content/abstract/eid/2-s2.0-85193396294?view=FULL
2-s2.0-85193387021,❌ No se pudo conectar con la API tras múltiples intentos. URL: https://api.elsevier.com/content/abstract/eid/2-s2.0-85193387021?view=FULL
2-s2.0-85193374264,❌ No se pudo conectar con la API tras múltiples intentos. URL: https://api.elsevier.com/content/abstract/eid/2-s2.0-85193374264?view=FULL
2-s2.0-85193373958,❌ No se pudo conectar con la API tras múltiples intentos. URL: https://api.elsevier.com/content/abstract/eid/2-s2.0-85193373958?view=FULL
2-s2.0-85193373067,❌ No se pudo conectar con la API tras múltiples intentos. URL: https://api.elsevier.com/content/abstract/eid/2-s2.0-85193373067?view=FULL
2-s2.0-85193371958,❌ No se pudo conectar con la API tras múltiples intentos. URL: https://api.elsevier.com/content/abstract/eid/2-s2.0-85193371958?view=FULL
2-s2.0-85193366211,❌ No se pudo conectar con la API tras múltiples intentos. URL: https://api.elsevier.com/content/abstract/eid/2-s2.0-85193366211?view=FULL
2-s2.0-85193359516,❌ No se pudo conectar con la API tras múltiples intentos. URL: https://api.elsevier.com/content/abstract/eid/2-s2.0-85193359516?view=FULL
2-s2.0-85193359117,❌ No se pudo conectar con la API tras múltiples intentos. URL: https://api.elsevier.com/content/abstract/eid/2-s2.0-85193359117?view=FULL
2-s2.0-85193356929,❌ No se pudo conectar con la API tras múltiples intentos. URL: https://api.elsevier.com/content/abstract/eid/2-s2.0-85193356929?view=FULL
2-s2.0-85193356154,❌ No se pudo conectar con la API tras múltiples intentos. URL: https://api.elsevier.com/content/abstract/eid/2-s2.0-85193356154?view=FULL
2-s2.0-85193355702,❌ No se pudo conectar con la API tras múltiples intentos. URL: https://api.elsevier.com/content/abstract/eid/2-s2.0-85193355702?view=FULL
2-s2.0-85193350284,❌ No se pudo conectar con la API tras múltiples intentos. URL: https://api.elsevier.com/content/abstract/eid/2-s2.0-85193350284?view=FULL
2-s2.0-85193343869,❌ No se pudo conectar con la API tras múltiples intentos. URL: https://api.elsevier.com/content/abstract/eid/2-s2.0-85193343869?view=FULL
2-s2.0-85193338574,❌ No se pudo conectar con la API tras múltiples intentos. URL: https://api.elsevier.com/content/abstract/eid/2-s2.0-85193338574?view=FULL
2-s2.0-85193335094,❌ No se pudo conectar con la API tras múltiples intentos. URL: https://api.elsevier.com/content/abstract/eid/2-s2.0-85193335094?view=FULL
2-s2.0-85193334554,❌ No se pudo conectar con la API tras múltiples intentos. URL: https://api.elsevier.com/content/abstract/eid/2-s2.0-85193334554?view=FULL
2-s2.0-85193333880,❌ No se pudo conectar con la API tras múltiples intentos. URL: https://api.elsevier.com/content/abstract/eid/2-s2.0-85193333880?view=FULL
2-s2.0-85193329972,❌ No se pudo conectar con la API tras múltiples intentos. URL: https://api.elsevier.com/content/abstract/eid/2-s2.0-85193329972?view=FULL
2-s2.0-85193328037,❌ No se pudo conectar con la API tras múltiples intentos. URL: https://api.elsevier.com/content/abstract/eid/2-s2.0-85193328037?view=FULL
2-s2.0-85193324958,❌ No se pudo conectar con la API tras múltiples intentos. URL: https://api.elsevier.com/content/abstract/eid/2-s2.0-85193324958?view=FULL
2-s2.0-85193323758,❌ No se pudo conectar con la API tras múltiples intentos. URL: https://api.elsevier.com/content/abstract/eid/2-s2.0-85193323758?view=FULL
2-s2.0-85193321417,❌ No se pudo conectar con la API tras múltiples intentos. URL: https://api.elsevier.com/content/abstract/eid/2-s2.0-85193321417?view=FULL
2-s2.0-85193319788,❌ No se pudo conectar con la API tras múltiples intentos. URL: https://api.elsevier.com/content/abstract/eid/2-s2.0-85193319788?view=FULL
2-s2.0-85193318690,❌ No se pudo conectar con la API tras múltiples intentos. URL: https://api.elsevier.com/content/abstract/eid/2-s2.0-85193318690?view=FULL
2-s2.0-0001737298,❌ No se pudo conectar con la API tras múltiples intentos. URL: https://api.elsevier.com/content/abstract/eid/2-s2.0-0001737298?view=FULL
2-s2.0-44949282978,name 'timezone' is not defined
2-s2.0-44949282947,name 'timezone' is not defined
2-s2.0-44949282945,name 'timezone' is not defined
2-s2.0-44949282929,name 'timezone' is not defined
2-s2.0-44949282924,name 'timezone' is not defined
2-s2.0-44949282923,🚫 Se recibieron 5 errores 429 consecutivos. Deteniendo para evitar bloqueo.
2-s2.0-44949282921,name 'timezone' is not defined
2-s2.0-44949282901,name 'timezone' is not defined
2-s2.0-44949282896,name 'timezone' is not defined
2-s2.0-44949282891,name 'timezone' is not defined
2-s2.0-44949282888,name 'timezone' is not defined
2-s2.0-44949282857,name 'timezone' is not defined
2-s2.0-44949282854,name 'timezone' is not defined
2-s2.0-44949282842,name 'timezone' is not defined
2-s2.0-44949282832,name 'timezone' is not defined
2-s2.0-44949282830,name 'timezone' is not defined
2-s2.0-44949282823,name 'timezone' is not defined
2-s2.0-44949282792,name 'timezone' is not defined
2-s2.0-44949282770,name 'timezone' is not defined
2-s2.0-44949282767,name 'timezone' is not defined
2-s2.0-85193124032,❌ No se pudo conectar con la API tras múltiples intentos. URL: https://api.elsevier.com/content/abstract/eid/2-s2.0-85193124032?view=FULL
2-s2.0-85193122022,❌ No se pudo conectar con la API tras múltiples intentos. URL: https://api.elsevier.com/content/abstract/eid/2-s2.0-85193122022?view=FULL
2-s2.0-84966254327,❌ No se pudo conectar con la API tras múltiples intentos. URL: https://api.elsevier.com/content/abstract/eid/2-s2.0-84966254327?view=FULL
2-s2.0-84956123560,❌ No se pudo conectar con la API tras múltiples intentos. URL: https://api.elsevier.com/content/abstract/eid/2-s2.0-84956123560?view=FULL
2-s2.0-85049058042,❌ No se pudo conectar con la API tras múltiples intentos. URL: https://api.elsevier.com/content/abstract/eid/2-s2.0-85049058042?view=FULL
2-s2.0-85049058021,❌ No se pudo conectar con la API tras múltiples intentos. URL: https://api.elsevier.com/content/abstract/eid/2-s2.0-85049058021?view=FULL
2-s2.0-85049057948,❌ No se pudo conectar con la API tras múltiples intentos. URL: https://api.elsevier.com/content/abstract/eid/2-s2.0-85049057948?view=FULL
2-s2.0-84956097144,❌ No se pudo conectar con la API tras múltiples intentos. URL: https://api.elsevier.com/content/abstract/eid/2-s2.0-84956097144?view=FULL
2-s2.0-0028536224,❌ No se pudo conectar con la API tras múltiples intentos. URL: https://api.elsevier.com/content/abstract/eid/2-s2.0-0028536224?view=FULL
2-s2.0-85049057339,❌ No se pudo conectar con la API tras múltiples intentos. URL: https://api.elsevier.com/content/abstract/eid/2-s2.0-85049057339?view=FULL
2-s2.0-85049057261,❌ No se pudo conectar con la API tras múltiples intentos. URL: https://api.elsevier.com/content/abstract/eid/2-s2.0-85049057261?view=FULL
2-s2.0-85049057216,❌ No se pudo conectar con la API tras múltiples intentos. URL: https://api.elsevier.com/content/abstract/eid/2-s2.0-85049057216?view=FULL
2-s2.0-85027607967,❌ No se pudo conectar con la API tras múltiples intentos. URL: https://api.elsevier.com/content/abstract/eid/2-s2.0-85027607967?view=FULL
2-s2.0-77957053878,name 'timezone' is not defined
2-s2.0-77957051816,name 'timezone' is not defined
2-s2.0-77957050483,name 'timezone' is not defined
2-s2.0-77957049264,name 'timezone' is not defined
2-s2.0-77957044167,name 'timezone' is not defined
2-s2.0-77957039477,🚫 Se recibieron 5 errores 429 consecutivos. Deteniendo para evitar bloqueo.
2-s2.0-77957037832,🚫 Se recibieron 5 errores 429 consecutivos. Deteniendo para evitar bloqueo.
2-s2.0-77957037417,name 'timezone' is not defined
2-s2.0-77957036243,name 'timezone' is not defined
2-s2.0-77957034136,name 'timezone' is not defined
2-s2.0-77957032853,name 'timezone' is not defined
2-s2.0-77957032852,name 'timezone' is not defined
2-s2.0-77957032434,name 'timezone' is not defined
2-s2.0-77957032428,name 'timezone' is not defined
2-s2.0-77957030510,name 'timezone' is not defined
2-s2.0-77957028894,name 'timezone' is not defined
2-s2.0-77957028064,name 'timezone' is not defined
2-s2.0-77957024860,name 'timezone' is not defined
2-s2.0-77957023031,🚫 Se recibieron 5 errores 429 consecutivos. Deteniendo para evitar bloqueo.
2-s2.0-77957022260,🚫 Se recibieron 5 errores 429 consecutivos. Deteniendo para evitar bloqueo.
2-s2.0-77957021790,name 'timezone' is not defined
2-s2.0-77956853420,name 'timezone' is not defined
2-s2.0-77956785137,name 'timezone' is not defined
2-s2.0-77956779680,name 'timezone' is not defined
2-s2.0-77956776077,name 'timezone' is not defined
2-s2.0-77956773611,🚫 Se recibieron 5 errores 429 consecutivos. Deteniendo para evitar bloqueo.
2-s2.0-77956772821,name 'timezone' is not defined
2-s2.0-77956771236,name 'timezone' is not defined
2-s2.0-77956768167,name 'timezone' is not defined
2-s2.0-77956761535,name 'timezone' is not defined
2-s2.0-77956760334,name 'timezone' is not defined
2-s2.0-77956758304,name 'timezone' is not defined
2-s2.0-77956755989,name 'timezone' is not defined
2-s2.0-77956754492,name 'timezone' is not defined
2-s2.0-77956753713,name 'timezone' is not defined
2-s2.0-77956750568,name 'timezone' is not defined
2-s2.0-77956749507,name 'timezone' is not defined
2-s2.0-77956743314,name 'timezone' is not defined
2-s2.0-77956742540,name 'timezone' is not defined
2-s2.0-77956741364,name 'timezone' is not defined
2-s2.0-77956739188,name 'timezone' is not defined
2-s2.0-77956735413,name 'timezone' is not defined
2-s2.0-77956734952,name 'timezone' is not defined
2-s2.0-77956726733,name 'timezone' is not defined
2-s2.0-77956726338,name 'timezone' is not defined
2-s2.0-77956721392,name 'timezone' is not defined
2-s2.0-77956712194,name 'timezone' is not defined
2-s2.0-77956707400,name 'timezone' is not defined
2-s2.0-77956703914,name 'timezone' is not defined
2-s2.0-77956697119,name 'timezone' is not defined
2-s2.0-77956691820,name 'timezone' is not defined
2-s2.0-77956690030,name 'timezone' is not defined
2-s2.0-77956688902,name 'timezone' is not defined
2-s2.0-77956687911,🚫 Se recibieron 5 errores 429 consecutivos. Deteniendo para evitar bloqueo.
2-s2.0-77956685973,name 'timezone' is not defined
2-s2.0-77956683737,name 'timezone' is not defined
2-s2.0-77956683213,name 'timezone' is not defined
2-s2.0-77956682615,name 'timezone' is not defined
2-s2.0-77956675867,name 'timezone' is not defined
2-s2.0-77956670870,name 'timezone' is not defined
2-s2.0-77956667227,name 'timezone' is not defined
2-s2.0-77956660841,name 'timezone' is not defined
2-s2.0-77956659561,name 'timezone' is not defined
2-s2.0-77956655761,name 'timezone' is not defined
2-s2.0-77956653539,name 'timezone' is not defined
2-s2.0-77956653217,name 'timezone' is not defined
2-s2.0-77956558253,name 'timezone' is not defined
2-s2.0-77956483948,name 'timezone' is not defined
2-s2.0-77954895424,name 'timezone' is not defined
2-s2.0-77951514142,name 'timezone' is not defined
2-s2.0-77951508777,name 'timezone' is not defined
2-s2.0-85193124032,❌ No se pudo conectar con la API tras múltiples intentos. URL: https://api.elsevier.com/content/abstract/eid/2-s2.0-85193124032?view=FULL
2-s2.0-85193122022,❌ No se pudo conectar con la API tras múltiples intentos. URL: https://api.elsevier.com/content/abstract/eid/2-s2.0-85193122022?view=FULL
2-s2.0-84956123560,❌ No se pudo conectar con la API tras múltiples intentos. URL: https://api.elsevier.com/content/abstract/eid/2-s2.0-84956123560?view=FULL
2-s2.0-85049058042,❌ No se pudo conectar con la API tras múltiples intentos. URL: https://api.elsevier.com/content/abstract/eid/2-s2.0-85049058042?view=FULL
2-s2.0-85049058021,❌ No se pudo conectar con la API tras múltiples intentos. URL: https://api.elsevier.com/content/abstract/eid/2-s2.0-85049058021?view=FULL
2-s2.0-85049057948,❌ No se pudo conectar con la API tras múltiples intentos. URL: https://api.elsevier.com/content/abstract/eid/2-s2.0-85049057948?view=FULL
2-s2.0-84956097144,❌ No se pudo conectar con la API tras múltiples intentos. URL: https://api.elsevier.com/content/abstract/eid/2-s2.0-84956097144?view=FULL
2-s2.0-85049057339,❌ No se pudo conectar con la API tras múltiples intentos. URL: https://api.elsevier.com/content/abstract/eid/2-s2.0-85049057339?view=FULL
2-s2.0-85049057261,❌ No se pudo conectar con la API tras múltiples intentos. URL: https://api.elsevier.com/content/abstract/eid/2-s2.0-85049057261?view=FULL
2-s2.0-85049057216,❌ No se pudo conectar con la API tras múltiples intentos. URL: https://api.elsevier.com/content/abstract/eid/2-s2.0-85049057216?view=FULL
2-s2.0-85027607967,❌ No se pudo conectar con la API tras múltiples intentos. URL: https://api.elsevier.com/content/abstract/eid/2-s2.0-85027607967?view=FULL
2-s2.0-33747392221,[Errno 13] Permission denied: 'C:\\Cienciometria\\TFM_Cienciometria\\progreso_descarga.txt'
2-s2.0-0011465419,❌ No se pudo conectar con la API tras múltiples intentos. URL: https://api.elsevier.com/content/abstract/eid/2-s2.0-0011465419?view=FULL
2-s2.0-30244498930,❌ No se pudo conectar con la API tras múltiples intentos. URL: https://api.elsevier.com/content/abstract/eid/2-s2.0-30244498930?view=FULL
2-s2.0-33646986351,❌ No se pudo conectar con la API tras múltiples intentos. URL: https://api.elsevier.com/content/abstract/eid/2-s2.0-33646986351?view=FULL
2-s2.0-0033335337,❌ No se pudo conectar con la API tras múltiples intentos. URL: https://api.elsevier.com/content/abstract/eid/2-s2.0-0033335337?view=FULL
2-s2.0-0033365025,❌ No se pudo conectar con la API tras múltiples intentos. URL: https://api.elsevier.com/content/abstract/eid/2-s2.0-0033365025?view=FULL
2-s2.0-0033131846,name 'timezone' is not defined
2-s2.0-0033131845,name 'timezone' is not defined
2-s2.0-0033131084,name 'timezone' is not defined
2-s2.0-0033131083,🚫 Se recibieron 5 errores 429 consecutivos. Deteniendo para evitar bloqueo.
2-s2.0-0033131042,name 'timezone' is not defined
2-s2.0-0033131040,name 'timezone' is not defined
2-s2.0-0033131039,name 'timezone' is not defined
2-s2.0-0033130948,name 'timezone' is not defined
2-s2.0-0010836635,name 'timezone' is not defined
2-s2.0-0010099884,name 'timezone' is not defined
2-s2.0-0007342701,name 'timezone' is not defined
2-s2.0-0001758197,name 'timezone' is not defined
2-s2.0-85078686941,name 'timezone' is not defined
2-s2.0-18144436690,name 'timezone' is not defined
2-s2.0-0344994663,name 'timezone' is not defined
2-s2.0-0344132030,name 'timezone' is not defined
2-s2.0-0033617688,name 'timezone' is not defined
2-s2.0-0033617687,name 'timezone' is not defined
2-s2.0-0033617682,name 'timezone' is not defined
2-s2.0-0033617681,name 'timezone' is not defined
2-s2.0-0033617680,name 'timezone' is not defined
2-s2.0-0033617669,name 'timezone' is not defined
2-s2.0-0033617668,name 'timezone' is not defined
2-s2.0-0033617667,name 'timezone' is not defined
2-s2.0-0033617666,name 'timezone' is not defined
2-s2.0-0033617661,🚫 Se recibieron 5 errores 429 consecutivos. Deteniendo para evitar bloqueo.
2-s2.0-0033617658,name 'timezone' is not defined
2-s2.0-0033617656,name 'timezone' is not defined
2-s2.0-0033617648,name 'timezone' is not defined
2-s2.0-0033617639,name 'timezone' is not defined
2-s2.0-0032687260,name 'timezone' is not defined
2-s2.0-0032686802,name 'timezone' is not defined
2-s2.0-0032678421,name 'timezone' is not defined
2-s2.0-0032670659,name 'timezone' is not defined
2-s2.0-0032633898,name 'timezone' is not defined
2-s2.0-85009799729,name 'timezone' is not defined
2-s2.0-18544405748,name 'timezone' is not defined
2-s2.0-0348194897,name 'timezone' is not defined
2-s2.0-0348134949,name 'timezone' is not defined
2-s2.0-0348134946,name 'timezone' is not defined
2-s2.0-0347776045,name 'timezone' is not defined
2-s2.0-0347776044,name 'timezone' is not defined
2-s2.0-0347776043,name 'timezone' is not defined
2-s2.0-0347776042,name 'timezone' is not defined
2-s2.0-0347504910,name 'timezone' is not defined
2-s2.0-0347145869,name 'timezone' is not defined
2-s2.0-0347145862,name 'timezone' is not defined
2-s2.0-0347095012,name 'timezone' is not defined
2-s2.0-0347092416,name 'timezone' is not defined
2-s2.0-0346838088,name 'timezone' is not defined
2-s2.0-0346786768,name 'timezone' is not defined
2-s2.0-0346515549,name 'timezone' is not defined
2-s2.0-0346515548,name 'timezone' is not defined
2-s2.0-0346515540,name 'timezone' is not defined
2-s2.0-0346396451,name 'timezone' is not defined
2-s2.0-0346396416,name 'timezone' is not defined
2-s2.0-0345884754,name 'timezone' is not defined
2-s2.0-0345884732,name 'timezone' is not defined
2-s2.0-0345884729,name 'timezone' is not defined
2-s2.0-0345884728,name 'timezone' is not defined
2-s2.0-0345884725,name 'timezone' is not defined
2-s2.0-0345884724,name 'timezone' is not defined
2-s2.0-0242343430,name 'timezone' is not defined
2-s2.0-0042786063,🚫 Se recibieron 5 errores 429 consecutivos. Deteniendo para evitar bloqueo.
2-s2.0-0042768755,name 'timezone' is not defined
2-s2.0-0041167318,name 'timezone' is not defined
2-s2.0-0040942551,name 'timezone' is not defined
2-s2.0-0040705432,name 'timezone' is not defined
2-s2.0-0039183715,name 'timezone' is not defined
2-s2.0-0038853650,name 'timezone' is not defined
2-s2.0-0038621211,name 'timezone' is not defined
2-s2.0-0038222307,name 'timezone' is not defined
2-s2.0-0033612096,name 'timezone' is not defined
2-s2.0-0033612095,name 'timezone' is not defined
2-s2.0-0033612094,name 'timezone' is not defined
2-s2.0-0033612093,name 'timezone' is not defined
2-s2.0-0033612091,name 'timezone' is not defined
2-s2.0-0033612090,name 'timezone' is not defined
2-s2.0-0033612089,name 'timezone' is not defined
2-s2.0-0033612086,name 'timezone' is not defined
2-s2.0-0033612085,name 'timezone' is not defined
2-s2.0-0033612075,name 'timezone' is not defined
2-s2.0-0033612074,name 'timezone' is not defined
2-s2.0-0033612060,name 'timezone' is not defined
2-s2.0-0033612059,name 'timezone' is not defined
2-s2.0-0033612058,name 'timezone' is not defined
2-s2.0-0033612056,name 'timezone' is not defined
2-s2.0-0033466324,name 'timezone' is not defined
2-s2.0-0033456395,name 'timezone' is not defined
2-s2.0-0033449610,name 'timezone' is not defined
2-s2.0-0033445880,name 'timezone' is not defined
2-s2.0-0033425513,name 'timezone' is not defined
2-s2.0-0033416432,name 'timezone' is not defined
2-s2.0-0032648126,name 'timezone' is not defined
2-s2.0-85193124032,❌ No se pudo conectar con la API tras múltiples intentos. URL: https://api.elsevier.com/content/abstract/eid/2-s2.0-85193124032?view=FULL
2-s2.0-85193122022,❌ No se pudo conectar con la API tras múltiples intentos. URL: https://api.elsevier.com/content/abstract/eid/2-s2.0-85193122022?view=FULL
2-s2.0-84956123560,404 Not Found para https://api.elsevier.com/content/abstract/eid/2-s2.0-84956123560?view=FULL
2-s2.0-85049058042,404 Not Found para https://api.elsevier.com/content/abstract/eid/2-s2.0-85049058042?view=FULL
2-s2.0-85049058021,404 Not Found para https://api.elsevier.com/content/abstract/eid/2-s2.0-85049058021?view=FULL
2-s2.0-85049057948,404 Not Found para https://api.elsevier.com/content/abstract/eid/2-s2.0-85049057948?view=FULL
2-s2.0-84956097144,404 Not Found para https://api.elsevier.com/content/abstract/eid/2-s2.0-84956097144?view=FULL
2-s2.0-85049057339,404 Not Found para https://api.elsevier.com/content/abstract/eid/2-s2.0-85049057339?view=FULL
2-s2.0-85049057261,404 Not Found para https://api.elsevier.com/content/abstract/eid/2-s2.0-85049057261?view=FULL
2-s2.0-85049057216,404 Not Found para https://api.elsevier.com/content/abstract/eid/2-s2.0-85049057216?view=FULL
2-s2.0-85027607967,404 Not Found para https://api.elsevier.com/content/abstract/eid/2-s2.0-85027607967?view=FULL
2-s2.0-0011465419,404 Not Found para https://api.elsevier.com/content/abstract/eid/2-s2.0-0011465419?view=FULL
2-s2.0-30244498930,404 Not Found para https://api.elsevier.com/content/abstract/eid/2-s2.0-30244498930?view=FULL
2-s2.0-33646986351,404 Not Found para https://api.elsevier.com/content/abstract/eid/2-s2.0-33646986351?view=FULL
2-s2.0-0033335337,404 Not Found para https://api.elsevier.com/content/abstract/eid/2-s2.0-0033335337?view=FULL
2-s2.0-0033365025,404 Not Found para https://api.elsevier.com/content/abstract/eid/2-s2.0-0033365025?view=FULL
2-s2.0-0032625812,404 Not Found para https://api.elsevier.com/content/abstract/eid/2-s2.0-0032625812?view=FULL
2-s2.0-0033075815,404 Not Found para https://api.elsevier.com/content/abstract/eid/2-s2.0-0033075815?view=FULL
2-s2.0-0034508535,404 Not Found para https://api.elsevier.com/content/abstract/eid/2-s2.0-0034508535?view=FULL
2-s2.0-0034504610,404 Not Found para https://api.elsevier.com/content/abstract/eid/2-s2.0-0034504610?view=FULL
2-s2.0-0034319424,404 Not Found para https://api.elsevier.com/content/abstract/eid/2-s2.0-0034319424?view=FULL
2-s2.0-0034297598,404 Not Found para https://api.elsevier.com/content/abstract/eid/2-s2.0-0034297598?view=FULL
2-s2.0-0034270068,404 Not Found para https://api.elsevier.com/content/abstract/eid/2-s2.0-0034270068?view=FULL
2-s2.0-0033713723,404 Not Found para https://api.elsevier.com/content/abstract/eid/2-s2.0-0033713723?view=FULL
2-s2.0-0033706820,404 Not Found para https://api.elsevier.com/content/abstract/eid/2-s2.0-0033706820?view=FULL
2-s2.0-85131781792,404 Not Found para https://api.elsevier.com/content/abstract/eid/2-s2.0-85131781792?view=FULL
2-s2.0-0343192560,404 Not Found para https://api.elsevier.com/content/abstract/eid/2-s2.0-0343192560?view=FULL
2-s2.0-0033906952,404 Not Found para https://api.elsevier.com/content/abstract/eid/2-s2.0-0033906952?view=FULL
2-s2.0-0342647530,404 Not Found para https://api.elsevier.com/content/abstract/eid/2-s2.0-0342647530?view=FULL
2-s2.0-18344387247,404 Not Found para https://api.elsevier.com/content/abstract/eid/2-s2.0-18344387247?view=FULL
2-s2.0-0035475861,404 Not Found para https://api.elsevier.com/content/abstract/eid/2-s2.0-0035475861?view=FULL
2-s2.0-0035441932,404 Not Found para https://api.elsevier.com/content/abstract/eid/2-s2.0-0035441932?view=FULL
2-s2.0-0035420773,404 Not Found para https://api.elsevier.com/content/abstract/eid/2-s2.0-0035420773?view=FULL
2-s2.0-0035397191,404 Not Found para https://api.elsevier.com/content/abstract/eid/2-s2.0-0035397191?view=FULL
2-s2.0-0035396424,404 Not Found para https://api.elsevier.com/content/abstract/eid/2-s2.0-0035396424?view=FULL
2-s2.0-85130777514,404 Not Found para https://api.elsevier.com/content/abstract/eid/2-s2.0-85130777514?view=FULL
2-s2.0-0035279864,name 'timezone' is not defined
2-s2.0-0035279859,name 'timezone' is not defined
2-s2.0-85130815017,404 Not Found para https://api.elsevier.com/content/abstract/eid/2-s2.0-85130815017?view=FULL
2-s2.0-0344514165,404 Not Found para https://api.elsevier.com/content/abstract/eid/2-s2.0-0344514165?view=FULL
2-s2.0-0036801838,404 Not Found para https://api.elsevier.com/content/abstract/eid/2-s2.0-0036801838?view=FULL
2-s2.0-85132631021,404 Not Found para https://api.elsevier.com/content/abstract/eid/2-s2.0-85132631021?view=FULL
2-s2.0-85132621903,404 Not Found para https://api.elsevier.com/content/abstract/eid/2-s2.0-85132621903?view=FULL
2-s2.0-85130847727,404 Not Found para https://api.elsevier.com/content/abstract/eid/2-s2.0-85130847727?view=FULL
2-s2.0-85130839503,404 Not Found para https://api.elsevier.com/content/abstract/eid/2-s2.0-85130839503?view=FULL
2-s2.0-85132637552,404 Not Found para https://api.elsevier.com/content/abstract/eid/2-s2.0-85132637552?view=FULL
2-s2.0-85132631098,404 Not Found para https://api.elsevier.com/content/abstract/eid/2-s2.0-85132631098?view=FULL
2-s2.0-85132622887,404 Not Found para https://api.elsevier.com/content/abstract/eid/2-s2.0-85132622887?view=FULL
2-s2.0-85132598636,404 Not Found para https://api.elsevier.com/content/abstract/eid/2-s2.0-85132598636?view=FULL
2-s2.0-85130804918,404 Not Found para https://api.elsevier.com/content/abstract/eid/2-s2.0-85130804918?view=FULL
2-s2.0-85132636849,404 Not Found para https://api.elsevier.com/content/abstract/eid/2-s2.0-85132636849?view=FULL
2-s2.0-85132628815,404 Not Found para https://api.elsevier.com/content/abstract/eid/2-s2.0-85132628815?view=FULL
2-s2.0-85132599109,404 Not Found para https://api.elsevier.com/content/abstract/eid/2-s2.0-85132599109?view=FULL
2-s2.0-85130832379,404 Not Found para https://api.elsevier.com/content/abstract/eid/2-s2.0-85130832379?view=FULL
2-s2.0-85130794986,404 Not Found para https://api.elsevier.com/content/abstract/eid/2-s2.0-85130794986?view=FULL
2-s2.0-85035296647,404 Not Found para https://api.elsevier.com/content/abstract/eid/2-s2.0-85035296647?view=FULL
2-s2.0-85035268407,404 Not Found para https://api.elsevier.com/content/abstract/eid/2-s2.0-85035268407?view=FULL
2-s2.0-85035263521,404 Not Found para https://api.elsevier.com/content/abstract/eid/2-s2.0-85035263521?view=FULL
2-s2.0-85035259152,404 Not Found para https://api.elsevier.com/content/abstract/eid/2-s2.0-85035259152?view=FULL
2-s2.0-3442894220,name 'timezone' is not defined
2-s2.0-3442893367,name 'timezone' is not defined
2-s2.0-3442893077,name 'timezone' is not defined
2-s2.0-3442892330,name 'timezone' is not defined
2-s2.0-3442891859,🚫 Se recibieron 5 errores 429 consecutivos. Deteniendo para evitar bloqueo.
2-s2.0-3442890971,name 'timezone' is not defined
2-s2.0-3242739308,404 Not Found para https://api.elsevier.com/content/abstract/eid/2-s2.0-3242739308?view=FULL
2-s2.0-3242739305,404 Not Found para https://api.elsevier.com/content/abstract/eid/2-s2.0-3242739305?view=FULL
2-s2.0-3242734854,404 Not Found para https://api.elsevier.com/content/abstract/eid/2-s2.0-3242734854?view=FULL
2-s2.0-3242729440,404 Not Found para https://api.elsevier.com/content/abstract/eid/2-s2.0-3242729440?view=FULL
2-s2.0-3242722261,404 Not Found para https://api.elsevier.com/content/abstract/eid/2-s2.0-3242722261?view=FULL
2-s2.0-3242720484,404 Not Found para https://api.elsevier.com/content/abstract/eid/2-s2.0-3242720484?view=FULL
2-s2.0-3242714087,404 Not Found para https://api.elsevier.com/content/abstract/eid/2-s2.0-3242714087?view=FULL
2-s2.0-3242709514,404 Not Found para https://api.elsevier.com/content/abstract/eid/2-s2.0-3242709514?view=FULL
2-s2.0-3242698808,404 Not Found para https://api.elsevier.com/content/abstract/eid/2-s2.0-3242698808?view=FULL
2-s2.0-3242690621,404 Not Found para https://api.elsevier.com/content/abstract/eid/2-s2.0-3242690621?view=FULL
2-s2.0-3242687003,404 Not Found para https://api.elsevier.com/content/abstract/eid/2-s2.0-3242687003?view=FULL
2-s2.0-3242678851,404 Not Found para https://api.elsevier.com/content/abstract/eid/2-s2.0-3242678851?view=FULL
2-s2.0-3242677039,404 Not Found para https://api.elsevier.com/content/abstract/eid/2-s2.0-3242677039?view=FULL
2-s2.0-3242675167,404 Not Found para https://api.elsevier.com/content/abstract/eid/2-s2.0-3242675167?view=FULL
2-s2.0-3242669761,404 Not Found para https://api.elsevier.com/content/abstract/eid/2-s2.0-3242669761?view=FULL
2-s2.0-3242660874,404 Not Found para https://api.elsevier.com/content/abstract/eid/2-s2.0-3242660874?view=FULL
2-s2.0-85036385708,404 Not Found para https://api.elsevier.com/content/abstract/eid/2-s2.0-85036385708?view=FULL
2-s2.0-85036354024,404 Not Found para https://api.elsevier.com/content/abstract/eid/2-s2.0-85036354024?view=FULL
2-s2.0-85036345397,404 Not Found para https://api.elsevier.com/content/abstract/eid/2-s2.0-85036345397?view=FULL
2-s2.0-85036341018,404 Not Found para https://api.elsevier.com/content/abstract/eid/2-s2.0-85036341018?view=FULL
2-s2.0-85036307512,404 Not Found para https://api.elsevier.com/content/abstract/eid/2-s2.0-85036307512?view=FULL
2-s2.0-85036168423,404 Not Found para https://api.elsevier.com/content/abstract/eid/2-s2.0-85036168423?view=FULL
2-s2.0-33646431136,name 'timezone' is not defined
2-s2.0-33646430587,name 'timezone' is not defined
2-s2.0-33646430034,name 'timezone' is not defined
2-s2.0-33646425542,name 'timezone' is not defined
2-s2.0-33646424751,🚫 Se recibieron 5 errores 429 consecutivos. Deteniendo para evitar bloqueo.
2-s2.0-33646424652,name 'timezone' is not defined
2-s2.0-33646424644,name 'timezone' is not defined
2-s2.0-33646424364,🚫 Se recibieron 5 errores 429 consecutivos. Deteniendo para evitar bloqueo.
2-s2.0-33646423818,name 'timezone' is not defined
2-s2.0-33646423020,name 'timezone' is not defined
2-s2.0-33646422755,name 'timezone' is not defined
2-s2.0-33646422486,name 'timezone' is not defined
2-s2.0-33646420905,name 'timezone' is not defined
2-s2.0-46849121146,name 'timezone' is not defined
2-s2.0-46849117534,name 'timezone' is not defined
2-s2.0-46849115564,name 'timezone' is not defined
2-s2.0-79961035499,name 'timezone' is not defined
2-s2.0-79959530803,name 'timezone' is not defined
2-s2.0-79953774727,name 'timezone' is not defined
